<?xml version="1.0" encoding="UTF-8"?>
<testng-results skipped="0" failed="0" ignored="0" total="1" passed="1">
  <reporter-output>
  </reporter-output>
  <suite name="Default suite" duration-ms="14023" started-at="2018-12-12T14:59:56Z" finished-at="2018-12-12T15:00:10Z">
    <groups>
      <group name="cucumber">
        <method signature="AbstractTestNGCucumberTests.feature(cucumber.api.testng.CucumberFeatureWrapper)[pri:0, instance:com.infa.axon.launcher.CucumberRunner@685cb137]" name="feature" class="cucumber.api.testng.AbstractTestNGCucumberTests"/>
      </group> <!-- cucumber -->
    </groups>
    <test name="Default test" duration-ms="14023" started-at="2018-12-12T14:59:56Z" finished-at="2018-12-12T15:00:10Z">
      <class name="com.infa.axon.launcher.CucumberRunner">
        <test-method status="PASS" signature="setUpClass()[pri:0, instance:com.infa.axon.launcher.CucumberRunner@685cb137]" name="setUpClass" is-config="true" duration-ms="253" started-at="2018-12-12T20:29:56Z" finished-at="2018-12-12T20:29:56Z">
          <reporter-output>
          </reporter-output>
        </test-method> <!-- setUpClass -->
        <test-method status="PASS" signature="setupPreConfig()[pri:0, instance:com.infa.axon.launcher.CucumberRunner@685cb137]" name="setupPreConfig" is-config="true" duration-ms="3572" started-at="2018-12-12T20:29:56Z" finished-at="2018-12-12T20:30:00Z">
          <reporter-output>
          </reporter-output>
        </test-method> <!-- setupPreConfig -->
        <test-method status="PASS" signature="feature(cucumber.api.testng.CucumberFeatureWrapper)[pri:0, instance:com.infa.axon.launcher.CucumberRunner@685cb137]" name="feature" duration-ms="10056" started-at="2018-12-12T20:30:00Z" description="Runs Cucumber Feature" data-provider="features" finished-at="2018-12-12T20:30:10Z">
          <params>
            <param index="0">
              <value>
                <![CDATA[First test of Axon]]>
              </value>
            </param>
          </params>
          <reporter-output>
          </reporter-output>
        </test-method> <!-- feature -->
        <test-method status="PASS" signature="tearDownClass()[pri:0, instance:com.infa.axon.launcher.CucumberRunner@685cb137]" name="tearDownClass" is-config="true" duration-ms="37" started-at="2018-12-12T20:30:10Z" finished-at="2018-12-12T20:30:10Z">
          <reporter-output>
          </reporter-output>
        </test-method> <!-- tearDownClass -->
      </class> <!-- com.infa.axon.launcher.CucumberRunner -->
    </test> <!-- Default test -->
  </suite> <!-- Default suite -->
</testng-results>
