<?xml version="1.0" encoding="UTF-8"?>
<testng-results skipped="0" failed="0" ignored="0" total="1" passed="1">
  <reporter-output>
  </reporter-output>
  <suite name="Default suite" duration-ms="489" started-at="2018-12-12T03:08:26Z" finished-at="2018-12-12T03:08:26Z">
    <groups>
      <group name="cucumber">
        <method signature="AbstractTestNGCucumberTests.feature(cucumber.api.testng.CucumberFeatureWrapper)[pri:0, instance:com.axon.laucher.CucumberRunner@6a4f787b]" name="feature" class="cucumber.api.testng.AbstractTestNGCucumberTests"/>
      </group> <!-- cucumber -->
    </groups>
    <test name="Default test" duration-ms="489" started-at="2018-12-12T03:08:26Z" finished-at="2018-12-12T03:08:26Z">
      <class name="com.axon.laucher.CucumberRunner">
        <test-method status="PASS" signature="setUpClass()[pri:0, instance:com.axon.laucher.CucumberRunner@6a4f787b]" name="setUpClass" is-config="true" duration-ms="241" started-at="2018-12-12T08:38:26Z" finished-at="2018-12-12T08:38:26Z">
          <reporter-output>
          </reporter-output>
        </test-method> <!-- setUpClass -->
        <test-method status="PASS" signature="start()[pri:0, instance:com.axon.laucher.CucumberRunner@6a4f787b]" name="start" is-config="true" duration-ms="0" started-at="2018-12-12T08:38:26Z" finished-at="2018-12-12T08:38:26Z">
          <reporter-output>
          </reporter-output>
        </test-method> <!-- start -->
        <test-method status="PASS" signature="feature(cucumber.api.testng.CucumberFeatureWrapper)[pri:0, instance:com.axon.laucher.CucumberRunner@6a4f787b]" name="feature" duration-ms="128" started-at="2018-12-12T08:38:26Z" description="Runs Cucumber Feature" data-provider="features" finished-at="2018-12-12T08:38:26Z">
          <params>
            <param index="0">
              <value>
                <![CDATA[First test using Cucumber]]>
              </value>
            </param>
          </params>
          <reporter-output>
          </reporter-output>
        </test-method> <!-- feature -->
        <test-method status="PASS" signature="tearDownClass()[pri:0, instance:com.axon.laucher.CucumberRunner@6a4f787b]" name="tearDownClass" is-config="true" duration-ms="31" started-at="2018-12-12T08:38:26Z" finished-at="2018-12-12T08:38:26Z">
          <reporter-output>
          </reporter-output>
        </test-method> <!-- tearDownClass -->
      </class> <!-- com.axon.laucher.CucumberRunner -->
    </test> <!-- Default test -->
  </suite> <!-- Default suite -->
</testng-results>
